<?xml version="1.0" encoding="UTF-8"?>
<project name="@product.name@-test" default="all-tests" basedir=".">

    <import file="../../rtibuild/common-test.xml"/>
    
</project>